Starting thread.
read_queue_task()
[('h', 7, 8), ('b', 3, 4), ('h', 15, 0), ('h', 4, 13), None, None, None, None, None, None, None, None, None, None, None, None]
[0.007923776958598958, 0.0029316879544828366, 0.0069872182717349435, 0.01041759694016892]
D5 00 00 28 B1 03 00 16         0.010417, 3, 0.687500
D5 00 00 0B 73 01 F1            0.002931, 1, -0.937500
D5 00 00 1B 4B 02 01 7A         0.006987, 2, 31233.000000
D5 00 00 1E F3 00 01 35         0.007923, 0, 53.003906
D5 00 00 28 B1 03 00 16         0.010417, 3, 0.687500
D5 00 00 35 BE 00 00 E2         0.013758, 0, -30.000000
D5 00 00 38 B9 01 F7            0.014521, 1, -0.562500
0.010417, 3, 0.687500
0.002931, 1, -0.937500
0.006987, 2, 31233.000000
0.007923, 0, 53.003906
0.010417, 3, 0.687500
0.013758, 0, -30.000000
0.014521, 1, -0.562500
D5 00 00 3D 54 02 01 8E         0.015700, 2, -29183.000000
D5 00 00 3D B7 02 01 B1         0.015799, 2, -20223.000000
D5 00 00 42 9B 00 00 01         0.017051, 0, 1.000000
D5 00 00 4B A8 01 F7            0.019368, 1, -0.562500
D5 00 00 4C E2 02 01 C6         0.019682, 2, -14847.000000
D5 00 00 52 80 02 01 CA         0.021120, 2, -13823.000000
D5 00 00 55 02 01 ED            0.021762, 1, -1.187500
D5 00 00 5D 89 02 01 D6         0.023945, 2, -10751.000000
D5 00 00 60 33 02 01 EF         0.024627, 2, -4351.000000
D5 00 00 62 38 00 00 72         0.025144, 0, 114.000000
D5 00 00 68 0D 01 F4            0.026637, 1, -0.750000
D5 00 00 77 DE 03 00 07         0.030686, 3, 0.218750
D5 00 00 BE F0 02 01 E8         0.048880, 2, -6143.000000
D5 00 00 BA E5 02 01 D5         0.047845, 2, -11007.000000
D5 00 00 BF 16 01 F7            0.048918, 1, -0.562500
D5 00 00 C7 AC 02 01 CF         0.051116, 2, -12543.000000
D5 00 00 CE D6 00 01 4E         0.052950, 0, 78.003906
D5 00 00 D0 C9 00 00 4E         0.053449, 0, 78.000000
D5 00 00 D7 4D 02 01 BC         0.055117, 2, -17407.000000
D5 00 00 DE F6 01 E9            0.057078, 1, -1.437500
D5 00 00 D6 CF 01 E6            0.054991, 1, -1.625000
D5 00 00 E5 F4 00 00 8B         0.058868, 0, -117.000000
D5 00 00 EC B9 02 01 41         0.060601, 2, 16641.000000
D5 00 00 EC C2 03 00 16         0.060610, 3, 0.687500
D5 00 01 0B 5D 02 01 3A         0.068445, 2, 14849.000000
D5 00 01 0A 86 02 00 FE         0.068230, 2, -512.000000
D5 00 01 0E 23 01 F7            0.069155, 1, -0.562500
D5 00 01 1C EA 00 00 A3         0.072938, 0, -93.000000
D5 00 01 1F 08 03 00 16         0.073480, 3, 0.687500
D5 00 01 21 21 01 EC            0.074017, 1, -1.250000
D5 00 01 25 FE 02 00 CF         0.075262, 2, -12544.000000
D5 00 01 29 97 00 01 53         0.076183, 0, 83.003906
D5 00 01 30 05 01 F6            0.077829, 1, -0.625000
D5 00 01 34 E8 02 00 AA         0.079080, 2, -22016.000000
0.015700, 2, -29183.000000
0.015799, 2, -20223.000000
0.017051, 0, 1.000000
0.019368, 1, -0.562500
0.019682, 2, -14847.000000
0.021120, 2, -13823.000000
D5 00 01 38 7E 00 FF DD         0.079998, 0, -34.003906
0.021762, 1, -1.187500
D5 00 01 39 BE 01 E7            0.080318, 1, -1.562500
0.023945, 2, -10751.000000
0.024627, 2, -4351.000000
0.025144, 0, 114.000000
0.026637, 1, -0.750000
0.030686, 3, 0.218750
0.048880, 2, -6143.000000
0.047845, 2, -11007.000000
0.048918, 1, -0.562500
0.051116, 2, -12543.000000
0.052950, 0, 78.003906
0.053449, 0, 78.000000
0.055117, 2, -17407.000000
0.057078, 1, -1.437500
0.054991, 1, -1.625000
0.058868, 0, -117.000000
0.060601, 2, 16641.000000
0.060610, 3, 0.687500
0.068445, 2, 14849.000000
0.068230, 2, -512.000000
0.069155, 1, -0.562500
0.072938, 0, -93.000000
0.073480, 3, 0.687500
0.074017, 1, -1.250000
0.075262, 2, -12544.000000
0.076183, 0, 83.003906
0.077829, 1, -0.625000
0.079080, 2, -22016.000000
0.079998, 0, -34.003906
0.080318, 1, -1.562500
D5 00 01 48 B1 01 EA            0.084145, 1, -1.375000
D5 00 01 4E 3A 02 00 49         0.085562, 2, 18688.000000
D5 00 01 52 EA 00 00 46         0.086762, 0, 70.000000
D5 00 01 54 97 01 E6            0.087191, 1, -1.625000
D5 00 01 6B 30 01 E6            0.092976, 1, -1.625000
D5 00 01 69 93 01 F3            0.092563, 1, -0.812500
D5 00 01 6D 51 03 00 16         0.093521, 3, 0.687500
D5 00 01 6F 71 00 00 A1         0.094065, 0, -95.000000
D5 00 01 77 6C 02 00 1F         0.096108, 2, 7936.000000
D5 00 01 7C 3A 02 00 0D         0.097338, 2, 3328.000000
D5 00 01 80 06 00 00 33         0.098310, 0, 51.000000
D5 00 01 87 55 01 EA            0.100181, 1, -1.375000
D5 00 01 97 7F 01 E8            0.104319, 1, -1.500000
D5 00 01 8E A4 01 F6            0.102052, 1, -0.625000
D5 00 01 99 11 03 00 16         0.104721, 3, 0.687500
D5 00 01 A0 45 00 00 36         0.106565, 0, 54.000000
D5 00 01 A4 8E 02 00 01         0.107662, 2, 256.000000
D5 00 01 BF AB 03 00 16         0.114603, 3, 0.687500
D5 00 01 C1 5A 02 00 11         0.115034, 2, 4352.000000
D5 00 01 C3 EC 01 F4            0.115692, 1, -0.750000
D5 00 01 CB E6 00 01 3C         0.117734, 0, 60.003906
D5 00 01 D4 7D 02 00 22         0.119933, 2, 8704.000000
0.084145, 1, -1.375000
D5 00 01 DA E3 01 E8            0.121571, 1, -1.500000
0.085562, 2, 18688.000000
D5 00 01 DD 2A 00 FF 8B         0.122154, 0, -116.003906
0.086762, 0, 70.000000
0.087191, 1, -1.625000
0.092976, 1, -1.625000
0.092563, 1, -0.812500
0.093521, 3, 0.687500
0.094065, 0, -95.000000
0.096108, 2, 7936.000000
0.097338, 2, 3328.000000
0.098310, 0, 51.000000
0.100181, 1, -1.375000
0.104319, 1, -1.500000
0.102052, 1, -0.625000
0.104721, 3, 0.687500
0.106565, 0, 54.000000
0.107662, 2, 256.000000
0.114603, 3, 0.687500
D5 00 01 E6 AB 02 00 3E         0.124587, 2, 15872.000000
0.115034, 2, 4352.000000
0.115692, 1, -0.750000
D5 00 01 E9 E2 02 00 4A         0.125410, 2, 18944.000000
0.117734, 0, 60.003906
0.119933, 2, 8704.000000
0.121571, 1, -1.500000
0.122154, 0, -116.003906
0.124587, 2, 15872.000000
0.125410, 2, 18944.000000
D5 00 01 F3 9E 03 00 16         0.127902, 3, 0.687500
D5 00 01 F6 5D 00 00 91         0.128605, 0, -111.000000
D5 00 01 FC 99 01 F6            0.130201, 1, -0.625000
D5 00 02 02 78 03 00 16         0.131704, 3, 0.687500
D5 00 02 03 76 02 00 8B         0.131958, 2, -29952.000000
D5 00 02 06 4C 00 FF BF         0.132684, 0, -64.003906
D5 00 02 0C D5 00 FF 43         0.134357, 0, 67.996094
D5 00 02 0E E0 01 EC            0.134880, 1, -1.250000
D5 00 02 0F 17 00 00 CB         0.134935, 0, -53.000000
D5 00 02 13 53 01 F3            0.136019, 1, -0.812500
D5 00 02 17 32 02 00 C1         0.137010, 2, -16128.000000
D5 00 02 1A C7 01 F2            0.137927, 1, -0.875000
D5 00 02 23 E3 03 00 16         0.140259, 3, 0.687500
D5 00 02 2E 3F 00 00 A0         0.142911, 0, -96.000000
0.127902, 3, 0.687500
D5 00 02 2F 4A 01 E8            0.143178, 1, -1.500000
0.128605, 0, -111.000000
D5 00 02 38 EE 02 01 21         0.145646, 2, 8449.000000
0.130201, 1, -0.625000
0.131704, 3, 0.687500
0.131958, 2, -29952.000000
0.132684, 0, -64.003906
0.134357, 0, 67.996094
0.134880, 1, -1.250000
0.134935, 0, -53.000000
0.136019, 1, -0.812500
0.137010, 2, -16128.000000
0.137927, 1, -0.875000
0.140259, 3, 0.687500
0.142911, 0, -96.000000
0.143178, 1, -1.500000
0.145646, 2, 8449.000000
D5 00 02 46 FB 02 01 2A         0.149243, 2, 10753.000000
D5 00 02 4A 8D 00 01 3F         0.150157, 0, 63.003906
D5 00 02 55 DD 01 ED            0.153053, 1, -1.187500
D5 00 02 5A D5 00 FF 49         0.154325, 0, 73.996094
D5 00 02 5B 0C 02 01 9A         0.154380, 2, -26111.000000
D5 00 02 5B 0F 01 F7            0.154383, 1, -0.562500
D5 00 02 63 D1 00 FF 3F         0.156625, 0, 63.996094
D5 00 02 6F 03 03 00 07         0.159491, 3, 0.218750
D5 00 02 6F 06 00 FF B0         0.159494, 0, -79.003906
D5 00 02 7A D1 01 F7            0.162513, 1, -0.562500
D5 00 02 84 6C 02 01 C8         0.164972, 2, -14335.000000
D5 00 02 85 32 01 F7            0.165170, 1, -0.562500
D5 00 02 85 F5 02 01 CD         0.165365, 2, -13055.000000
0.149243, 2, 10753.000000
0.150157, 0, 63.003906
0.153053, 1, -1.187500
0.154325, 0, 73.996094
0.154380, 2, -26111.000000
0.154383, 1, -0.562500
0.156625, 0, 63.996094
0.159491, 3, 0.218750
0.159494, 0, -79.003906
0.162513, 1, -0.562500
D5 00 02 93 B2 00 FF 99         0.168882, 0, -102.003906
0.164972, 2, -14335.000000
D5 00 02 87 6C 00 01 4E         0.165740, 0, 78.003906
0.165170, 1, -0.562500
0.165365, 2, -13055.000000
0.168882, 0, -102.003906
0.165740, 0, 78.003906
D5 00 02 94 0B 03 00 07         0.168971, 3, 0.218750
D5 00 02 9A E8 01 F6            0.170728, 1, -0.625000
D5 00 02 9B BC 01 F7            0.170940, 1, -0.562500
D5 00 02 A1 52 02 01 FD         0.172370, 2, -767.000000
D5 00 02 A6 44 03 00 16         0.173636, 3, 0.687500
D5 00 02 A8 38 00 00 C0         0.174136, 0, -64.000000
D5 00 02 AF DA 01 F3            0.176090, 1, -0.812500
D5 00 02 B3 DE 02 01 FE         0.177118, 2, -511.000000
D5 00 02 CE 1B 02 01 FE         0.183835, 2, -511.000000
D5 00 02 D2 F0 01 F6            0.185072, 1, -0.625000
D5 00 02 D6 16 00 00 FA         0.185878, 0, -6.000000
D5 00 02 DE FA 02 01 DC         0.188154, 2, -9215.000000
D5 00 02 F0 6C 00 FF 3C         0.192620, 0, 60.996094
D5 00 03 00 D3 02 01 C7         0.196819, 2, -14591.000000
D5 00 03 03 40 01 E5            0.197440, 1, -1.687500
D5 00 03 04 8B 03 00 07         0.197771, 3, 0.218750
D5 00 03 11 A4 00 FF 5A         0.201124, 0, 90.996094
D5 00 03 14 98 02 01 9D         0.201880, 2, -25343.000000
D5 00 03 16 62 00 FF FD         0.202338, 0, -2.003906
0.168971, 3, 0.218750
0.170728, 1, -0.625000
0.170940, 1, -0.562500
0.172370, 2, -767.000000
0.173636, 3, 0.687500
0.174136, 0, -64.000000
0.176090, 1, -0.812500
0.177118, 2, -511.000000
0.183835, 2, -511.000000
0.185072, 1, -0.625000
0.185878, 0, -6.000000
0.188154, 2, -9215.000000
0.192620, 0, 60.996094
0.196819, 2, -14591.000000
0.197440, 1, -1.687500
0.197771, 3, 0.218750
0.201124, 0, 90.996094
0.201880, 2, -25343.000000
0.202338, 0, -2.003906
D5 00 03 19 C6 01 F0            0.203206, 1, -1.000000
D5 00 03 23 B1 02 01 63         0.205745, 2, 25345.000000
D5 00 03 27 5B 00 01 17         0.206683, 0, 23.003906
D5 00 03 29 75 01 F7            0.207221, 1, -0.562500
D5 00 03 2D FD 02 01 4C         0.208381, 2, 19457.000000
D5 00 03 33 62 01 E9            0.209762, 1, -1.437500
D5 00 03 42 B9 02 01 06         0.213689, 2, 1537.000000
D5 00 03 42 F2 00 FF A9         0.213746, 0, -86.003906
D5 00 03 4A 77 02 00 EF         0.215671, 2, -4352.000000
D5 00 03 4B 00 03 00 16         0.215808, 3, 0.687500
uS = 216400
arg_type = b
bit = 1
x = -8
0.203206, 1, -1.000000
0.205745, 2, 25345.000000
0.206683, 0, 23.003906
0.207221, 1, -0.562500
0.208381, 2, 19457.000000
0.209762, 1, -1.437500
0.213689, 2, 1537.000000
0.213746, 0, -86.003906
0.215671, 2, -4352.000000
0.215808, 3, 0.687500
Checked. Emitting stop capture
DecompBinary.stop_thread()
Un-checked. Starting thread.
Checked. Emitting stop capture
DecompBinary.stop_thread()
Un-checked. Starting thread.
Checked. Emitting stop capture
DecompBinary.stop_thread()
